\BOOKMARK [0][-]{section*.5}{\376\377\004\027\004\076\004\105\004\070\004\076\004\063\004\107\004\070\004\071\004\075\000\040\004\115\004\100\004\105\000\040\004\105\004\060\004\074\004\063\004\060\004\060\004\073\004\060\004\073}{}% 1
\BOOKMARK [0][-]{section*.5}{\376\377\004\045\004\103\004\100\004\060\004\060\004\075\004\063\004\103\004\071}{}% 2
\BOOKMARK [0][-]{section*.6}{\376\377\004\042\004\060\004\073\004\060\004\100\004\105\004\060\004\073}{}% 3
\BOOKMARK [0][-]{table.8}{\376\377\004\042\004\076\004\062\004\107\004\070\004\073\004\101\004\076\004\075\000\040\004\257\004\063\004\101}{}% 4
\BOOKMARK [0][-]{table.8}{\376\377\004\044\004\070\004\067\004\070\004\072\000\040\004\102\004\076\004\063\004\102\004\074\004\076\004\073\004\103\004\103\004\064}{}% 5
\BOOKMARK [0][-]{table.12}{\376\377\004\042\004\060\004\075\004\070\004\105\000\040\004\102\004\115\004\074\004\064\004\115\004\063\004\102\004\257\004\257\004\064}{}% 6
\BOOKMARK [0][-]{chapter.17}{\376\377\000S\000u\000n\000i\000l\000\040\000P\000a\000t\000e\000l\000\040\040\023\004\075\000\040\004\067\004\351\004\062\004\073\004\351\004\074\004\066}{}% 7
\BOOKMARK [1][-]{section.18}{\376\377\004\042\004\060\004\062\004\102\004\060\004\071\000\040\004\074\004\076\004\100\004\070\004\073\004\075\004\076\000\040\004\103\004\103}{chapter.17}% 8
\BOOKMARK [1][-]{section.19}{\376\377\000L\000a\000T\000e\000X\000\040\040\023\004\063\000\040\004\101\004\103\004\100\004\060\004\105}{chapter.17}% 9
\BOOKMARK [2][-]{subsection.20}{\376\377\000L\000a\000T\000e\000X\000\040\040\023\004\075\000\040\000\050\004\102\004\070\004\071\004\074\000\040\004\107\000\040\004\102\004\076\004\062\004\107\000\040\004\061\004\103\004\101\000\051\000\040\004\102\004\060\004\075\004\070\004\073\004\106\004\103\004\103\004\073\004\063\004\060}{section.19}% 10
\BOOKMARK [1][-]{section.21}{\376\377\004\027\004\060\004\063\004\062\004\060\004\100\004\113\004\063\000\040\004\060\004\110\004\070\004\063\004\073\004\060\004\106\004\063\004\060\004\060\004\117}{chapter.17}% 11
\BOOKMARK [2][-]{subsection.22}{\376\377\004\027\004\060\004\063\004\062\004\060\004\100\004\113\004\075\000\040\004\102\004\103\004\105\004\060\004\071}{section.21}% 12
\BOOKMARK [1][-]{section.23}{\376\377\004\027\004\060\004\063\004\062\004\060\004\100\004\102\000\040\004\116\004\103\000\040\004\061\004\060\004\063\004\102\004\101\004\060\004\075\000\040\004\061\004\115\000?}{chapter.17}% 13
\BOOKMARK [2][-]{subsection.24}{\376\377\004\045\004\060\004\062\004\102\004\101\004\103\004\103\004\064}{section.23}% 14
\BOOKMARK [2][-]{subsection.25}{\376\377\004\044\004\060\004\071\004\073\004\103\004\103\004\064}{section.23}% 15
\BOOKMARK [1][-]{section.26}{\376\377\004\350\004\351\004\100\004\070\004\071\004\075\000\040\004\074\004\115\004\064\004\115\004\115\004\073\004\073\004\070\004\071\004\063\000\040\000m\000a\000i\000n\000.\000t\000e\000x\000\040\004\104\004\060\004\071\004\073\004\064\000\040\004\061\004\351\004\063\004\073\004\351\004\105}{chapter.17}% 16
\BOOKMARK [1][-]{section.27}{\376\377\000m\000a\000i\000n\000.\000t\000e\000x\000\040\004\104\004\060\004\071\004\073\004\113\004\075\000\040\004\102\004\060\004\071\004\073\004\061\004\060\004\100}{chapter.17}% 17
\BOOKMARK [1][-]{section.28}{\376\377\004\042\004\065\004\067\004\070\004\101\004\070\004\071\004\075\000\040\004\061\004\076\004\073\004\076\004\074\004\066\000\040\004\061\004\060\000\040\004\067\004\351\004\062\004\110\004\070\004\073\004\106\004\351\004\073}{chapter.17}% 18
\BOOKMARK [2][-]{subsection.29}{\376\377\004\045\004\115\004\062\004\073\004\115\004\105\000\040\004\104\004\076\004\100\004\074\004\060\004\102}{section.28}% 19
\BOOKMARK [2][-]{subsection.30}{\376\377\004\030\004\110\004\073\004\115\004\073}{section.28}% 20
\BOOKMARK [2][-]{subsection.32}{\376\377\004\045\004\257\004\101\004\075\004\115\004\063\004\102}{section.28}% 21
\BOOKMARK [2][-]{subsection.34}{\376\377\004\027\004\103\004\100\004\060\004\063}{section.28}% 22
\BOOKMARK [2][-]{subsection.36}{\376\377\004\042\004\076\004\074\004\114\004\121\004\076}{section.28}% 23
\BOOKMARK [1][-]{section.38}{\376\377\004\041\004\115\004\064\004\115\004\062\000\040\004\061\004\060\000\040\004\064\004\115\004\064\000\040\004\101\004\115\004\064\004\115\004\062}{chapter.17}% 24
\BOOKMARK [1][-]{section.39}{\376\377\004\042\004\351\004\063\004\101\004\063\004\351\004\073\004\064\000\040\004\075\004\114}{chapter.17}% 25
\BOOKMARK [0][-]{chapter.40}{\376\377\004\020\000.\004\055\004\100\004\064\004\115\004\075\004\115\004\061\004\060\004\060\004\102\004\060\004\100\004\113\004\075\000\040\004\067\004\351\004\062\004\073\004\351\004\074\004\066}{}% 26
\BOOKMARK [1][-]{section.41}{\376\377\004\022\004\065\004\072\004\102\004\076\004\100\000\040\004\067\004\103\004\100\004\063\004\070\004\071\004\075\000\040\004\102\004\103\004\105\004\060\004\071}{chapter.40}% 27
\BOOKMARK [2][-]{subsection.42}{\376\377\000T\000i\000k\000Z\000\040\004\061\004\060\004\063\004\106}{section.41}% 28
\BOOKMARK [1][-]{section.44}{\376\377\004\055\004\105\000\040\004\072\004\076\004\064\000\040\004\105\004\115\004\062\004\073\004\115\004\105}{chapter.40}% 29
\BOOKMARK [1][-]{section.145}{\376\377\004\027\004\115\004\100\004\115\004\063\004\106\004\115\004\115\000\040\004\061\004\076\004\073\004\076\004\075\000\040\004\102\004\076\004\074\000\040\004\067\004\103\004\100\004\060\004\063}{chapter.40}% 30
\BOOKMARK [0][-]{chapter.149}{\376\377\004\021\004\257\004\073\004\063\004\070\004\071\004\075\000\040\004\075\004\115\004\100}{}% 31
\BOOKMARK [1][-]{section.150}{\376\377\004\041\004\115\004\064\004\062\004\070\004\071\004\075\000\040\004\075\004\115\004\100\000\040}{chapter.149}% 32
\BOOKMARK [0][-]{chapter.151}{\376\377\004\042\004\076\004\074\004\112\004\121\004\076\000\040\004\105\004\115\004\100\004\105\004\115\004\075\000\040\004\061\004\070\004\107\004\070\004\105\000\040\004\062\004\115\000?}{}% 33
\BOOKMARK [1][-]{section.152}{\376\377\004\034\004\060\004\102\004\065\004\074\004\060\004\102\004\070\004\072\000\040\004\063\004\076\004\100\004\070\004\074}{chapter.151}% 34
\BOOKMARK [1][-]{section.154}{\376\377\004\045\004\257\004\101\004\075\004\115\004\063\004\102}{chapter.151}% 35
\BOOKMARK [0][-]{table.caption.155}{\376\377\004\024\004\257\004\063\004\075\004\115\004\073\004\102}{}% 36
\BOOKMARK [0][-]{appendix.156}{\376\377\004\045\004\060\004\062\004\101\004\100\004\060\004\073\004\102\004\113\004\075\000\040\004\075\004\115\004\100}{}% 37
\BOOKMARK [0][-]{appendix.157}{\376\377\000L\000E\000D\000\040\004\072\004\076\004\075\004\102\004\100\004\076\004\073\004\073\004\065\004\100\000\040\000A\000T\0008\0009\000C\0005\0001\000E\000D\0002}{}% 38
\BOOKMARK [0][-]{appendix.380}{\376\377\004\045\004\060\004\062\004\101\004\100\004\060\004\073\004\102\004\113\004\075\000\040\004\075\004\115\004\100}{}% 39
